{"level":"info","message":"server running on http://localhost:5003","service":"url-shortener"}
{"level":"info","message":"server running on http://localhost:5003","service":"url-shortener"}
{"level":"info","message":"server running on http://localhost:5003","service":"url-shortener"}
{"level":"info","message":"server running on http://localhost:5003","service":"url-shortener"}
{"level":"info","message":"Index page rendered","service":"url-shortener"}
{"level":"info","message":"Index page rendered","service":"url-shortener"}
{"level":"info","message":"Index page rendered","service":"url-shortener"}
{"level":"info","message":"server running on http://localhost:5003","service":"url-shortener"}
{"level":"info","message":"Index page rendered","service":"url-shortener"}
{"level":"info","message":"server running on http://localhost:5003","service":"url-shortener"}
{"level":"info","message":"server running on http://localhost:5003","service":"url-shortener"}
{"level":"info","message":"server running on http://localhost:5003","service":"url-shortener"}
{"level":"info","message":"server running on http://localhost:5003","service":"url-shortener"}
{"level":"info","message":"server running on http://localhost:5003","service":"url-shortener"}
{"level":"info","message":"server running on http://localhost:5003","service":"url-shortener"}
{"level":"info","message":"server running on http://localhost:5003","service":"url-shortener"}
{"level":"info","message":"server running on http://localhost:5003","service":"url-shortener"}
{"level":"info","message":"server running on http://localhost:5003","service":"url-shortener"}
{"level":"info","message":"Index page rendered","service":"url-shortener"}
{"level":"error","message":"Error: Error: Failed to compress URL","service":"url-shortener"}
{"level":"info","message":"server running on http://localhost:5003","service":"url-shortener"}
{"level":"info","message":"Index page rendered","service":"url-shortener"}
{"level":"error","message":"Error: TypeError: next is not a function","service":"url-shortener"}
{"level":"info","message":"Index page rendered","service":"url-shortener"}
{"level":"error","message":"Error: TypeError: next is not a function","service":"url-shortener"}
{"level":"info","message":"server running on http://localhost:5003","service":"url-shortener"}
{"level":"info","message":"Index page rendered","service":"url-shortener"}
{"level":"info","message":"Short URL: undefined","service":"url-shortener"}
{"level":"info","message":"server running on http://localhost:5003","service":"url-shortener"}
{"level":"info","message":"Index page rendered","service":"url-shortener"}
{"level":"info","message":"Short URL: undefined","service":"url-shortener"}
{"level":"info","message":"server running on http://localhost:5003","service":"url-shortener"}
{"level":"info","message":"Index page rendered","service":"url-shortener"}
{"level":"info","message":"Short URL: undefined","service":"url-shortener"}
{"level":"info","message":"server running on http://localhost:5003","service":"url-shortener"}
{"level":"info","message":"Index page rendered","service":"url-shortener"}
{"level":"info","message":"Short URL: undefined","service":"url-shortener"}
{"level":"info","message":"Index page rendered","service":"url-shortener"}
{"level":"info","message":"Short URL: http://localhost:5003/zyw2i","service":"url-shortener"}
{"level":"info","message":"Short URL: undefined","service":"url-shortener"}
{"level":"info","message":"server running on http://localhost:5003","service":"url-shortener"}
{"level":"info","message":"server running on http://localhost:5003","service":"url-shortener"}
{"level":"info","message":"server running on http://localhost:5003","service":"url-shortener"}
{"level":"info","message":"Index page rendered","service":"url-shortener"}
{"level":"info","message":"Short URL: http://localhost:5003/oeiys","service":"url-shortener"}
